0 info it worked if it ends with ok
1 verbose cli [ '/usr/bin/nodejs', '/usr/bin/npm', 'install' ]
2 info using npm@3.9.5
3 info using node@v6.2.2
4 silly loadCurrentTree Starting
5 silly install loadCurrentTree
6 silly install readLocalPackageData
7 silly install normalizeTree
8 silly loadCurrentTree Finishing
9 silly loadIdealTree Starting
10 silly install loadIdealTree
11 silly cloneCurrentTree Starting
12 silly install cloneCurrentTreeToIdealTree
13 silly cloneCurrentTree Finishing
14 silly loadShrinkwrap Starting
15 silly install loadShrinkwrap
16 silly loadShrinkwrap Finishing
17 silly loadAllDepsIntoIdealTree Starting
18 silly install loadAllDepsIntoIdealTree
19 silly fetchNamedPackageData fs
20 silly mapToRegistry name fs
21 silly mapToRegistry using default registry
22 silly mapToRegistry registry https://registry.npmjs.org/
23 silly mapToRegistry data Result {
23 silly mapToRegistry   raw: 'fs',
23 silly mapToRegistry   scope: null,
23 silly mapToRegistry   name: 'fs',
23 silly mapToRegistry   rawSpec: '',
23 silly mapToRegistry   spec: 'latest',
23 silly mapToRegistry   type: 'tag' }
24 silly mapToRegistry uri https://registry.npmjs.org/fs
25 verbose request uri https://registry.npmjs.org/fs
26 verbose request no auth needed
27 info attempt registry request try #1 at 4:46:46 PM
28 verbose request id 1dc251651f160e55
29 http request GET https://registry.npmjs.org/fs
30 http 200 https://registry.npmjs.org/fs
31 verbose headers { server: 'CouchDB/1.5.0 (Erlang OTP/R16B03)',
31 verbose headers   etag: '"9S4L5EPM9VTVQ4PS11R4PZOXI"',
31 verbose headers   'content-type': 'application/json',
31 verbose headers   'content-encoding': 'gzip',
31 verbose headers   'cache-control': 'max-age=300',
31 verbose headers   'content-length': '1081',
31 verbose headers   'accept-ranges': 'bytes',
31 verbose headers   date: 'Mon, 26 Sep 2016 11:16:50 GMT',
31 verbose headers   via: '1.1 varnish',
31 verbose headers   age: '211',
31 verbose headers   connection: 'keep-alive',
31 verbose headers   'x-served-by': 'cache-sin6924-SIN',
31 verbose headers   'x-cache': 'HIT',
31 verbose headers   'x-cache-hits': '1',
31 verbose headers   'x-timer': 'S1474888610.268505,VS0,VE0',
31 verbose headers   vary: 'Accept-Encoding' }
32 silly get cb [ 200,
32 silly get   { server: 'CouchDB/1.5.0 (Erlang OTP/R16B03)',
32 silly get     etag: '"9S4L5EPM9VTVQ4PS11R4PZOXI"',
32 silly get     'content-type': 'application/json',
32 silly get     'content-encoding': 'gzip',
32 silly get     'cache-control': 'max-age=300',
32 silly get     'content-length': '1081',
32 silly get     'accept-ranges': 'bytes',
32 silly get     date: 'Mon, 26 Sep 2016 11:16:50 GMT',
32 silly get     via: '1.1 varnish',
32 silly get     age: '211',
32 silly get     connection: 'keep-alive',
32 silly get     'x-served-by': 'cache-sin6924-SIN',
32 silly get     'x-cache': 'HIT',
32 silly get     'x-cache-hits': '1',
32 silly get     'x-timer': 'S1474888610.268505,VS0,VE0',
32 silly get     vary: 'Accept-Encoding' } ]
33 verbose get saving fs to /home/scoot/.npm/registry.npmjs.org/fs/.cache.json
34 verbose correctMkdir /home/scoot/.npm correctMkdir not in flight; initializing
35 silly resolveWithNewModule fs@0.0.0 checking installable status
36 silly cache add args [ 'fs@*', null ]
37 verbose cache add spec fs@*
38 silly cache add parsed spec Result {
38 silly cache add   raw: 'fs@*',
38 silly cache add   scope: null,
38 silly cache add   name: 'fs',
38 silly cache add   rawSpec: '*',
38 silly cache add   spec: '*',
38 silly cache add   type: 'range' }
39 silly addNamed fs@*
40 verbose addNamed "*" is a valid semver range for fs
41 silly addNameRange { name: 'fs', range: '*', hasData: false }
42 silly mapToRegistry name fs
43 silly mapToRegistry using default registry
44 silly mapToRegistry registry https://registry.npmjs.org/
45 silly mapToRegistry data Result {
45 silly mapToRegistry   raw: 'fs',
45 silly mapToRegistry   scope: null,
45 silly mapToRegistry   name: 'fs',
45 silly mapToRegistry   rawSpec: '',
45 silly mapToRegistry   spec: 'latest',
45 silly mapToRegistry   type: 'tag' }
46 silly mapToRegistry uri https://registry.npmjs.org/fs
47 verbose addNameRange registry:https://registry.npmjs.org/fs not in flight; fetching
48 verbose get https://registry.npmjs.org/fs not expired, no request
49 silly addNameRange number 2 { name: 'fs', range: '*', hasData: true }
50 silly addNameRange versions [ 'fs', [ '0.0.1-security', '0.0.0', '0.0.2' ] ]
51 silly addNamed fs@0.0.2
52 verbose addNamed "0.0.2" is a plain semver version for fs
53 silly mapToRegistry name fs
54 silly mapToRegistry using default registry
55 silly mapToRegistry registry https://registry.npmjs.org/
56 silly mapToRegistry data Result {
56 silly mapToRegistry   raw: 'fs',
56 silly mapToRegistry   scope: null,
56 silly mapToRegistry   name: 'fs',
56 silly mapToRegistry   rawSpec: '',
56 silly mapToRegistry   spec: 'latest',
56 silly mapToRegistry   type: 'tag' }
57 silly mapToRegistry uri https://registry.npmjs.org/fs
58 verbose addRemoteTarball https://registry.npmjs.org/fs/-/fs-0.0.2.tgz not in flight; adding
59 verbose addRemoteTarball [ 'https://registry.npmjs.org/fs/-/fs-0.0.2.tgz',
59 verbose addRemoteTarball   'e1f244ef3933c1b2a64bd4799136060d0f5914f8' ]
60 info retry fetch attempt 1 at 4:46:50 PM
61 info attempt registry request try #1 at 4:46:50 PM
62 http fetch GET https://registry.npmjs.org/fs/-/fs-0.0.2.tgz
63 http fetch 200 https://registry.npmjs.org/fs/-/fs-0.0.2.tgz
64 silly fetchAndShaCheck shasum e1f244ef3933c1b2a64bd4799136060d0f5914f8
65 verbose addTmpTarball /tmp/npm-9298-4d4c1d35/registry.npmjs.org/fs/-/fs-0.0.2.tgz not in flight; adding
66 verbose addTmpTarball already have metadata; skipping unpack for fs@0.0.2
67 verbose correctMkdir /home/scoot/.npm correctMkdir not in flight; initializing
68 silly cache afterAdd fs@0.0.2
69 verbose afterAdd /home/scoot/.npm/fs/0.0.2/package/package.json not in flight; writing
70 verbose correctMkdir /home/scoot/.npm correctMkdir not in flight; initializing
71 verbose afterAdd /home/scoot/.npm/fs/0.0.2/package/package.json written
72 silly rollbackFailedOptional Starting
73 silly rollbackFailedOptional Finishing
74 silly runTopLevelLifecycles Starting
75 silly runTopLevelLifecycles Finishing
76 silly install printInstalled
77 verbose stack Error: Error extracting /home/scoot/.npm/fs/0.0.0/package.tgz archive: ENOENT: no such file or directory, open '/home/scoot/.npm/fs/0.0.0/package.tgz'
77 verbose stack     at ReadStream.<anonymous> (/usr/lib/node_modules/npm/lib/fetch-package-metadata.js:300:10)
77 verbose stack     at emitOne (events.js:96:13)
77 verbose stack     at ReadStream.emit (events.js:188:7)
77 verbose stack     at /usr/lib/node_modules/npm/node_modules/graceful-fs/graceful-fs.js:181:14
77 verbose stack     at /usr/lib/node_modules/npm/node_modules/graceful-fs/graceful-fs.js:232:16
77 verbose stack     at FSReqWrap.oncomplete (fs.js:117:15)
78 verbose cwd /home/scoot/Hashnode
79 error Linux 4.4.0-36-generic
80 error argv "/usr/bin/nodejs" "/usr/bin/npm" "install"
81 error node v6.2.2
82 error npm  v3.9.5
83 error code EREADFILE
84 error Error extracting /home/scoot/.npm/fs/0.0.0/package.tgz archive: ENOENT: no such file or directory, open '/home/scoot/.npm/fs/0.0.0/package.tgz'
85 error If you need help, you may report this error at:
85 error     <https://github.com/npm/npm/issues>
86 verbose exit [ 1, true ]
